# JRE version: Java(TM) SE Runtime Environment (17.0.16+12) (build 17.0.16+12-LTS-247)
# Java VM: Java HotSpot(TM) 64-Bit Server VM (17.0.16+12-LTS-247, mixed mode, sharing, tiered, compressed oops, compressed class ptrs, g1 gc, windows-amd64)
GC Precious Log:
 CPUs: 16 total, 16 available
 Memory: 7863M
 Large Page Support: Disabled
 NUMA Support: Disabled
 Compressed Oops: Enabled (32-bit)
 Heap Region Size: 1M
 Heap Min Capacity: 8M
 Heap Initial Capacity: 124M
 Heap Max Capacity: 2G
 Pre-touch: Disabled
 Parallel Workers: 13
 Concurrent Workers: 3
 Concurrent Refinement Workers: 13
 Periodic GC: Disabled
Heap:
 garbage-first heap   total 501760K, used 305736K [0x0000000080000000, 0x0000000100000000)
  region size 1024K, 19 young (19456K), 7 survivors (7168K)
 Metaspace       used 122220K, committed 124352K, reserved 557056K
  class space    used 16994K, committed 18048K, reserved 425984K
GC Heap History (20 events):
Event: 38.029 GC heap before
{Heap before GC invocations=73 (full 0):
 garbage-first heap   total 365568K, used 316925K [0x0000000080000000, 0x0000000100000000)
  region size 1024K, 39 young (39936K), 4 survivors (4096K)
 Metaspace       used 118049K, committed 120128K, reserved 557056K
  class space    used 16463K, committed 17472K, reserved 425984K
}
Event: 38.033 GC heap after
{Heap after GC invocations=74 (full 0):
 garbage-first heap   total 365568K, used 284046K [0x0000000080000000, 0x0000000100000000)
  region size 1024K, 5 young (5120K), 5 survivors (5120K)
 Metaspace       used 118049K, committed 120128K, reserved 557056K
  class space    used 16463K, committed 17472K, reserved 425984K
}
Event: 38.331 GC heap before
{Heap before GC invocations=74 (full 0):
 garbage-first heap   total 365568K, used 315790K [0x0000000080000000, 0x0000000100000000)
  region size 1024K, 37 young (37888K), 5 survivors (5120K)
 Metaspace       used 118162K, committed 120256K, reserved 557056K
  class space    used 16468K, committed 17472K, reserved 425984K
}
Event: 38.336 GC heap after
{Heap after GC invocations=75 (full 0):
 garbage-first heap   total 365568K, used 285997K [0x0000000080000000, 0x0000000100000000)
  region size 1024K, 4 young (4096K), 4 survivors (4096K)
 Metaspace       used 118162K, committed 120256K, reserved 557056K
  class space    used 16468K, committed 17472K, reserved 425984K
}
Event: 38.443 GC heap before
{Heap before GC invocations=75 (full 0):
 garbage-first heap   total 365568K, used 316717K [0x0000000080000000, 0x0000000100000000)
  region size 1024K, 35 young (35840K), 4 survivors (4096K)
 Metaspace       used 118255K, committed 120320K, reserved 557056K
  class space    used 16482K, committed 17472K, reserved 425984K
}
Event: 38.447 GC heap after
{Heap after GC invocations=76 (full 0):
 garbage-first heap   total 365568K, used 287088K [0x0000000080000000, 0x0000000100000000)
  region size 1024K, 4 young (4096K), 4 survivors (4096K)
 Metaspace       used 118255K, committed 120320K, reserved 557056K
  class space    used 16482K, committed 17472K, reserved 425984K
}
Event: 38.511 GC heap before
{Heap before GC invocations=76 (full 0):
 garbage-first heap   total 365568K, used 315760K [0x0000000080000000, 0x0000000100000000)
  region size 1024K, 33 young (33792K), 4 survivors (4096K)
 Metaspace       used 118255K, committed 120320K, reserved 557056K
  class space    used 16482K, committed 17472K, reserved 425984K
}
Event: 38.515 GC heap after
{Heap after GC invocations=77 (full 0):
 garbage-first heap   total 365568K, used 287693K [0x0000000080000000, 0x0000000100000000)
  region size 1024K, 3 young (3072K), 3 survivors (3072K)
 Metaspace       used 118255K, committed 120320K, reserved 557056K
  class space    used 16482K, committed 17472K, reserved 425984K
}
Event: 38.584 GC heap before
{Heap before GC invocations=77 (full 0):
 garbage-first heap   total 365568K, used 317389K [0x0000000080000000, 0x0000000100000000)
  region size 1024K, 33 young (33792K), 3 survivors (3072K)
 Metaspace       used 118256K, committed 120320K, reserved 557056K
  class space    used 16482K, committed 17472K, reserved 425984K
}
Event: 38.588 GC heap after
{Heap after GC invocations=78 (full 0):
 garbage-first heap   total 365568K, used 288517K [0x0000000080000000, 0x0000000100000000)
  region size 1024K, 4 young (4096K), 4 survivors (4096K)
 Metaspace       used 118256K, committed 120320K, reserved 557056K
  class space    used 16482K, committed 17472K, reserved 425984K
}
Event: 38.725 GC heap before
{Heap before GC invocations=78 (full 0):
 garbage-first heap   total 365568K, used 317189K [0x0000000080000000, 0x0000000100000000)
  region size 1024K, 33 young (33792K), 4 survivors (4096K)
 Metaspace       used 118276K, committed 120320K, reserved 557056K
  class space    used 16483K, committed 17472K, reserved 425984K
}
Event: 38.729 GC heap after
{Heap after GC invocations=79 (full 0):
 garbage-first heap   total 365568K, used 289243K [0x0000000080000000, 0x0000000100000000)
  region size 1024K, 4 young (4096K), 4 survivors (4096K)
 Metaspace       used 118276K, committed 120320K, reserved 557056K
  class space    used 16483K, committed 17472K, reserved 425984K
}
Event: 38.806 GC heap before
{Heap before GC invocations=79 (full 0):
 garbage-first heap   total 365568K, used 316891K [0x0000000080000000, 0x0000000100000000)
  region size 1024K, 32 young (32768K), 4 survivors (4096K)
 Metaspace       used 118292K, committed 120384K, reserved 557056K
  class space    used 16484K, committed 17472K, reserved 425984K
}
Event: 38.809 GC heap after
{Heap after GC invocations=80 (full 0):
 garbage-first heap   total 365568K, used 290019K [0x0000000080000000, 0x0000000100000000)
  region size 1024K, 4 young (4096K), 4 survivors (4096K)
 Metaspace       used 118292K, committed 120384K, reserved 557056K
  class space    used 16484K, committed 17472K, reserved 425984K
}
Event: 38.896 GC heap before
{Heap before GC invocations=80 (full 0):
 garbage-first heap   total 365568K, used 317667K [0x0000000080000000, 0x0000000100000000)
  region size 1024K, 32 young (32768K), 4 survivors (4096K)
 Metaspace       used 118294K, committed 120384K, reserved 557056K
  class space    used 16484K, committed 17472K, reserved 425984K
}
Event: 38.901 GC heap after
{Heap after GC invocations=81 (full 0):
 garbage-first heap   total 455680K, used 290877K [0x0000000080000000, 0x0000000100000000)
  region size 1024K, 4 young (4096K), 4 survivors (4096K)
 Metaspace       used 118294K, committed 120384K, reserved 557056K
  class space    used 16484K, committed 17472K, reserved 425984K
}
Event: 39.044 GC heap before
{Heap before GC invocations=81 (full 0):
 garbage-first heap   total 455680K, used 314429K [0x0000000080000000, 0x0000000100000000)
  region size 1024K, 24 young (24576K), 4 survivors (4096K)
 Metaspace       used 118888K, committed 120960K, reserved 557056K
  class space    used 16496K, committed 17536K, reserved 425984K
}
Event: 39.049 GC heap after
{Heap after GC invocations=82 (full 0):
 garbage-first heap   total 455680K, used 292936K [0x0000000080000000, 0x0000000100000000)
  region size 1024K, 5 young (5120K), 5 survivors (5120K)
 Metaspace       used 118888K, committed 120960K, reserved 557056K
  class space    used 16496K, committed 17536K, reserved 425984K
}
Event: 42.556 GC heap before
{Heap before GC invocations=83 (full 0):
 garbage-first heap   total 501760K, used 386120K [0x0000000080000000, 0x0000000100000000)
  region size 1024K, 97 young (99328K), 5 survivors (5120K)
 Metaspace       used 122104K, committed 124224K, reserved 557056K
  class space    used 16989K, committed 18048K, reserved 425984K
}
Event: 42.562 GC heap after
{Heap after GC invocations=84 (full 0):
 garbage-first heap   total 501760K, used 294472K [0x0000000080000000, 0x0000000100000000)
  region size 1024K, 7 young (7168K), 7 survivors (7168K)
 Metaspace       used 122104K, committed 124224K, reserved 557056K
  class space    used 16989K, committed 18048K, reserved 425984K
}

