# JRE version: Java(TM) SE Runtime Environment (17.0.16+12) (build 17.0.16+12-LTS-247)
# Java VM: Java HotSpot(TM) 64-Bit Server VM (17.0.16+12-LTS-247, mixed mode, sharing, tiered, compressed oops, compressed class ptrs, g1 gc, windows-amd64)
GC Precious Log:
 CPUs: 16 total, 16 available
 Memory: 7863M
 Large Page Support: Disabled
 NUMA Support: Disabled
 Compressed Oops: Enabled (32-bit)
 Heap Region Size: 1M
 Heap Min Capacity: 8M
 Heap Initial Capacity: 124M
 Heap Max Capacity: 2G
 Pre-touch: Disabled
 Parallel Workers: 13
 Concurrent Workers: 3
 Concurrent Refinement Workers: 13
 Periodic GC: Disabled
Heap:
 garbage-first heap   total 119808K, used 41809K [0x0000000080000000, 0x0000000100000000)
  region size 1024K, 18 young (18432K), 3 survivors (3072K)
 Metaspace       used 34054K, committed 34560K, reserved 491520K
  class space    used 4767K, committed 4992K, reserved 425984K
GC Heap History (16 events):
Event: 0.334 GC heap before
{Heap before GC invocations=0 (full 0):
 garbage-first heap   total 126976K, used 22528K [0x0000000080000000, 0x0000000100000000)
  region size 1024K, 23 young (23552K), 0 survivors (0K)
 Metaspace       used 1032K, committed 1152K, reserved 491520K
  class space    used 72K, committed 128K, reserved 425984K
}
Event: 0.337 GC heap after
{Heap after GC invocations=1 (full 0):
 garbage-first heap   total 126976K, used 1856K [0x0000000080000000, 0x0000000100000000)
  region size 1024K, 2 young (2048K), 2 survivors (2048K)
 Metaspace       used 1032K, committed 1152K, reserved 491520K
  class space    used 72K, committed 128K, reserved 425984K
}
Event: 1.014 GC heap before
{Heap before GC invocations=1 (full 0):
 garbage-first heap   total 126976K, used 40768K [0x0000000080000000, 0x0000000100000000)
  region size 1024K, 37 young (37888K), 2 survivors (2048K)
 Metaspace       used 4564K, committed 4736K, reserved 491520K
  class space    used 570K, committed 640K, reserved 425984K
}
Event: 1.023 GC heap after
{Heap after GC invocations=2 (full 0):
 garbage-first heap   total 126976K, used 10677K [0x0000000080000000, 0x0000000100000000)
  region size 1024K, 5 young (5120K), 5 survivors (5120K)
 Metaspace       used 4564K, committed 4736K, reserved 491520K
  class space    used 570K, committed 640K, reserved 425984K
}
Event: 1.539 GC heap before
{Heap before GC invocations=2 (full 0):
 garbage-first heap   total 126976K, used 64949K [0x0000000080000000, 0x0000000100000000)
  region size 1024K, 56 young (57344K), 5 survivors (5120K)
 Metaspace       used 5274K, committed 5440K, reserved 491520K
  class space    used 691K, committed 768K, reserved 425984K
}
Event: 1.548 GC heap after
{Heap after GC invocations=3 (full 0):
 garbage-first heap   total 126976K, used 16295K [0x0000000080000000, 0x0000000100000000)
  region size 1024K, 5 young (5120K), 5 survivors (5120K)
 Metaspace       used 5274K, committed 5440K, reserved 491520K
  class space    used 691K, committed 768K, reserved 425984K
}
Event: 6.117 GC heap before
{Heap before GC invocations=3 (full 0):
 garbage-first heap   total 126976K, used 86951K [0x0000000080000000, 0x0000000100000000)
  region size 1024K, 74 young (75776K), 5 survivors (5120K)
 Metaspace       used 17180K, committed 17472K, reserved 491520K
  class space    used 2407K, committed 2560K, reserved 425984K
}
Event: 6.122 GC heap after
{Heap after GC invocations=4 (full 0):
 garbage-first heap   total 126976K, used 21742K [0x0000000080000000, 0x0000000100000000)
  region size 1024K, 10 young (10240K), 10 survivors (10240K)
 Metaspace       used 17180K, committed 17472K, reserved 491520K
  class space    used 2407K, committed 2560K, reserved 425984K
}
Event: 6.493 GC heap before
{Heap before GC invocations=4 (full 0):
 garbage-first heap   total 126976K, used 50414K [0x0000000080000000, 0x0000000100000000)
  region size 1024K, 38 young (38912K), 10 survivors (10240K)
 Metaspace       used 21248K, committed 21504K, reserved 491520K
  class space    used 2931K, committed 3072K, reserved 425984K
}
Event: 6.498 GC heap after
{Heap after GC invocations=5 (full 0):
 garbage-first heap   total 126976K, used 23006K [0x0000000080000000, 0x0000000100000000)
  region size 1024K, 2 young (2048K), 2 survivors (2048K)
 Metaspace       used 21248K, committed 21504K, reserved 491520K
  class space    used 2931K, committed 3072K, reserved 425984K
}
Event: 7.167 GC heap before
{Heap before GC invocations=6 (full 0):
 garbage-first heap   total 81920K, used 70110K [0x0000000080000000, 0x0000000100000000)
  region size 1024K, 48 young (49152K), 2 survivors (2048K)
 Metaspace       used 26828K, committed 27200K, reserved 491520K
  class space    used 3807K, committed 3968K, reserved 425984K
}
Event: 7.170 GC heap after
{Heap after GC invocations=7 (full 0):
 garbage-first heap   total 81920K, used 24907K [0x0000000080000000, 0x0000000100000000)
  region size 1024K, 4 young (4096K), 4 survivors (4096K)
 Metaspace       used 26828K, committed 27200K, reserved 491520K
  class space    used 3807K, committed 3968K, reserved 425984K
}
Event: 7.186 GC heap before
{Heap before GC invocations=7 (full 0):
 garbage-first heap   total 81920K, used 25931K [0x0000000080000000, 0x0000000100000000)
  region size 1024K, 5 young (5120K), 4 survivors (4096K)
 Metaspace       used 26924K, committed 27264K, reserved 491520K
  class space    used 3823K, committed 3968K, reserved 425984K
}
Event: 7.188 GC heap after
{Heap after GC invocations=8 (full 0):
 garbage-first heap   total 81920K, used 25215K [0x0000000080000000, 0x0000000100000000)
  region size 1024K, 1 young (1024K), 1 survivors (1024K)
 Metaspace       used 26924K, committed 27264K, reserved 491520K
  class space    used 3823K, committed 3968K, reserved 425984K
}
Event: 7.657 GC heap before
{Heap before GC invocations=8 (full 0):
 garbage-first heap   total 81920K, used 60031K [0x0000000080000000, 0x0000000100000000)
  region size 1024K, 36 young (36864K), 1 survivors (1024K)
 Metaspace       used 32548K, committed 32960K, reserved 491520K
  class space    used 4510K, committed 4736K, reserved 425984K
}
Event: 7.660 GC heap after
{Heap after GC invocations=9 (full 0):
 garbage-first heap   total 119808K, used 27473K [0x0000000080000000, 0x0000000100000000)
  region size 1024K, 3 young (3072K), 3 survivors (3072K)
 Metaspace       used 32548K, committed 32960K, reserved 491520K
  class space    used 4510K, committed 4736K, reserved 425984K
}

